mode: atomic
github.com/adexcell/delayed-notifier/cmd/main.go:15.13,17.16 2 0
github.com/adexcell/delayed-notifier/cmd/main.go:17.16,19.3 1 0
github.com/adexcell/delayed-notifier/cmd/main.go:21.2,21.34 1 0
github.com/adexcell/delayed-notifier/cmd/main.go:21.34,23.3 1 0
github.com/adexcell/delayed-notifier/config/config.go:39.30,46.66 4 0
github.com/adexcell/delayed-notifier/config/config.go:46.66,48.3 1 0
github.com/adexcell/delayed-notifier/config/config.go:50.2,51.44 2 0
github.com/adexcell/delayed-notifier/config/config.go:51.44,53.3 1 0
github.com/adexcell/delayed-notifier/config/config.go:55.2,55.18 1 0
github.com/adexcell/delayed-notifier/cmd/app/app.go:37.26,39.16 2 0
github.com/adexcell/delayed-notifier/cmd/app/app.go:39.16,41.3 1 0
github.com/adexcell/delayed-notifier/cmd/app/app.go:43.2,49.8 2 0
github.com/adexcell/delayed-notifier/cmd/app/app.go:52.27,56.45 3 0
github.com/adexcell/delayed-notifier/cmd/app/app.go:56.45,58.3 1 0
github.com/adexcell/delayed-notifier/cmd/app/app.go:60.2,65.12 5 0
github.com/adexcell/delayed-notifier/cmd/app/app.go:65.12,66.64 1 0
github.com/adexcell/delayed-notifier/cmd/app/app.go:66.64,68.4 1 0
github.com/adexcell/delayed-notifier/cmd/app/app.go:71.2,75.12 4 0
github.com/adexcell/delayed-notifier/cmd/app/app.go:78.40,81.16 2 0
github.com/adexcell/delayed-notifier/cmd/app/app.go:81.16,83.3 1 0
github.com/adexcell/delayed-notifier/cmd/app/app.go:84.2,92.16 5 0
github.com/adexcell/delayed-notifier/cmd/app/app.go:92.16,94.3 1 0
github.com/adexcell/delayed-notifier/cmd/app/app.go:95.2,95.38 1 0
github.com/adexcell/delayed-notifier/cmd/app/app.go:95.38,97.3 1 0
github.com/adexcell/delayed-notifier/cmd/app/app.go:98.2,122.12 11 0
github.com/adexcell/delayed-notifier/cmd/app/app.go:125.46,127.2 1 0
github.com/adexcell/delayed-notifier/cmd/app/app.go:129.26,130.43 1 0
github.com/adexcell/delayed-notifier/cmd/app/app.go:130.43,131.40 1 0
github.com/adexcell/delayed-notifier/cmd/app/app.go:131.40,133.4 1 0
github.com/adexcell/delayed-notifier/internal/adapter/rabbit/dto.go:22.53,35.2 1 0
github.com/adexcell/delayed-notifier/internal/adapter/rabbit/dto.go:37.51,50.2 1 0
github.com/adexcell/delayed-notifier/internal/adapter/rabbit/rabbitmq_adapter.go:28.77,30.16 2 0
github.com/adexcell/delayed-notifier/internal/adapter/rabbit/rabbitmq_adapter.go:30.16,32.3 1 0
github.com/adexcell/delayed-notifier/internal/adapter/rabbit/rabbitmq_adapter.go:34.2,39.8 2 0
github.com/adexcell/delayed-notifier/internal/adapter/rabbit/rabbitmq_adapter.go:42.43,51.16 1 0
github.com/adexcell/delayed-notifier/internal/adapter/rabbit/rabbitmq_adapter.go:51.16,53.3 1 0
github.com/adexcell/delayed-notifier/internal/adapter/rabbit/rabbitmq_adapter.go:55.2,55.12 1 0
github.com/adexcell/delayed-notifier/internal/adapter/rabbit/rabbitmq_adapter.go:58.83,63.16 4 0
github.com/adexcell/delayed-notifier/internal/adapter/rabbit/rabbitmq_adapter.go:63.16,65.3 1 0
github.com/adexcell/delayed-notifier/internal/adapter/rabbit/rabbitmq_adapter.go:67.2,72.3 1 0
github.com/adexcell/delayed-notifier/internal/adapter/rabbit/rabbitmq_adapter.go:75.96,76.66 1 0
github.com/adexcell/delayed-notifier/internal/adapter/rabbit/rabbitmq_adapter.go:76.66,78.3 1 0
github.com/adexcell/delayed-notifier/internal/adapter/rabbit/rabbitmq_adapter.go:80.2,88.28 3 0
github.com/adexcell/delayed-notifier/internal/adapter/rabbit/rabbitmq_adapter.go:91.44,93.2 1 0
github.com/adexcell/delayed-notifier/internal/adapter/redis/dto.go:23.51,39.2 3 0
github.com/adexcell/delayed-notifier/internal/adapter/redis/dto.go:41.46,57.2 3 0
github.com/adexcell/delayed-notifier/internal/adapter/redis/notify.go:19.47,26.2 3 0
github.com/adexcell/delayed-notifier/internal/adapter/redis/notify.go:28.80,31.16 3 0
github.com/adexcell/delayed-notifier/internal/adapter/redis/notify.go:31.16,33.3 1 0
github.com/adexcell/delayed-notifier/internal/adapter/redis/notify.go:34.2,34.65 1 0
github.com/adexcell/delayed-notifier/internal/adapter/redis/notify.go:37.77,40.16 3 0
github.com/adexcell/delayed-notifier/internal/adapter/redis/notify.go:40.16,41.30 1 0
github.com/adexcell/delayed-notifier/internal/adapter/redis/notify.go:41.30,43.4 1 0
github.com/adexcell/delayed-notifier/internal/adapter/redis/notify.go:44.3,44.62 1 0
github.com/adexcell/delayed-notifier/internal/adapter/redis/notify.go:46.2,47.15 2 0
github.com/adexcell/delayed-notifier/internal/adapter/redis/notify.go:50.31,52.2 1 0
github.com/adexcell/delayed-notifier/internal/mocks/mock_postgres.go:34.73,38.2 3 0
github.com/adexcell/delayed-notifier/internal/mocks/mock_postgres.go:41.71,43.2 1 0
github.com/adexcell/delayed-notifier/internal/mocks/mock_postgres.go:46.44,51.2 4 0
github.com/adexcell/delayed-notifier/internal/mocks/mock_postgres.go:54.64,57.2 2 0
github.com/adexcell/delayed-notifier/internal/mocks/mock_postgres.go:60.82,65.2 4 0
github.com/adexcell/delayed-notifier/internal/mocks/mock_postgres.go:68.75,71.2 2 0
github.com/adexcell/delayed-notifier/internal/mocks/mock_postgres.go:74.79,79.2 4 0
github.com/adexcell/delayed-notifier/internal/mocks/mock_postgres.go:82.80,85.2 2 0
github.com/adexcell/delayed-notifier/internal/mocks/mock_postgres.go:88.100,94.2 5 0
github.com/adexcell/delayed-notifier/internal/mocks/mock_postgres.go:97.83,100.2 2 0
github.com/adexcell/delayed-notifier/internal/mocks/mock_postgres.go:103.101,109.2 5 0
github.com/adexcell/delayed-notifier/internal/mocks/mock_postgres.go:112.85,115.2 2 0
github.com/adexcell/delayed-notifier/internal/mocks/mock_postgres.go:118.139,124.2 5 0
github.com/adexcell/delayed-notifier/internal/mocks/mock_postgres.go:127.109,130.2 2 0
github.com/adexcell/delayed-notifier/internal/mocks/mock_postgres.go:133.160,138.2 4 0
github.com/adexcell/delayed-notifier/internal/mocks/mock_postgres.go:141.124,144.2 2 0
github.com/adexcell/delayed-notifier/internal/mocks/mock_queue.go:33.71,37.2 3 0
github.com/adexcell/delayed-notifier/internal/mocks/mock_queue.go:40.69,42.2 1 0
github.com/adexcell/delayed-notifier/internal/mocks/mock_queue.go:45.43,50.2 4 0
github.com/adexcell/delayed-notifier/internal/mocks/mock_queue.go:53.63,56.2 2 0
github.com/adexcell/delayed-notifier/internal/mocks/mock_queue.go:59.95,64.2 4 0
github.com/adexcell/delayed-notifier/internal/mocks/mock_queue.go:67.81,70.2 2 0
github.com/adexcell/delayed-notifier/internal/mocks/mock_queue.go:73.42,78.2 4 0
github.com/adexcell/delayed-notifier/internal/mocks/mock_queue.go:81.62,84.2 2 0
github.com/adexcell/delayed-notifier/internal/mocks/mock_queue.go:87.82,92.2 4 0
github.com/adexcell/delayed-notifier/internal/mocks/mock_queue.go:95.75,98.2 2 0
github.com/adexcell/delayed-notifier/internal/mocks/mock_redis.go:33.67,37.2 3 0
github.com/adexcell/delayed-notifier/internal/mocks/mock_redis.go:40.65,42.2 1 0
github.com/adexcell/delayed-notifier/internal/mocks/mock_redis.go:45.41,50.2 4 0
github.com/adexcell/delayed-notifier/internal/mocks/mock_redis.go:53.61,56.2 2 0
github.com/adexcell/delayed-notifier/internal/mocks/mock_redis.go:59.87,65.2 5 0
github.com/adexcell/delayed-notifier/internal/mocks/mock_redis.go:68.70,71.2 2 0
github.com/adexcell/delayed-notifier/internal/mocks/mock_redis.go:74.90,79.2 4 0
github.com/adexcell/delayed-notifier/internal/mocks/mock_redis.go:82.83,85.2 2 0
github.com/adexcell/delayed-notifier/internal/mocks/mock_sender.go:33.57,37.2 3 0
github.com/adexcell/delayed-notifier/internal/mocks/mock_sender.go:40.55,42.2 1 0
github.com/adexcell/delayed-notifier/internal/mocks/mock_sender.go:45.72,50.2 4 0
github.com/adexcell/delayed-notifier/internal/mocks/mock_sender.go:53.65,56.2 2 0
github.com/adexcell/delayed-notifier/internal/mocks/mock_usecase.go:33.71,37.2 3 0
github.com/adexcell/delayed-notifier/internal/mocks/mock_usecase.go:40.69,42.2 1 0
github.com/adexcell/delayed-notifier/internal/mocks/mock_usecase.go:45.74,50.2 4 0
github.com/adexcell/delayed-notifier/internal/mocks/mock_usecase.go:53.75,56.2 2 0
github.com/adexcell/delayed-notifier/internal/mocks/mock_usecase.go:59.93,65.2 5 0
github.com/adexcell/delayed-notifier/internal/mocks/mock_usecase.go:68.76,71.2 2 0
github.com/adexcell/delayed-notifier/internal/mocks/mock_usecase.go:74.100,80.2 5 0
github.com/adexcell/delayed-notifier/internal/mocks/mock_usecase.go:83.84,86.2 2 0
github.com/adexcell/delayed-notifier/internal/mocks/mock_usecase.go:89.89,95.2 5 0
github.com/adexcell/delayed-notifier/internal/mocks/mock_usecase.go:98.72,101.2 2 0
github.com/adexcell/delayed-notifier/internal/domain/notify.go:34.26,42.2 1 0
github.com/adexcell/delayed-notifier/internal/adapter/postgres/dto.go:22.57,35.2 1 1
github.com/adexcell/delayed-notifier/internal/adapter/postgres/dto.go:37.54,50.2 1 1
github.com/adexcell/delayed-notifier/internal/adapter/postgres/notify.go:18.62,21.2 2 0
github.com/adexcell/delayed-notifier/internal/adapter/postgres/notify.go:23.72,33.2 4 0
github.com/adexcell/delayed-notifier/internal/adapter/postgres/notify.go:35.90,44.35 4 0
github.com/adexcell/delayed-notifier/internal/adapter/postgres/notify.go:44.35,46.3 1 0
github.com/adexcell/delayed-notifier/internal/adapter/postgres/notify.go:47.2,47.28 1 0
github.com/adexcell/delayed-notifier/internal/adapter/postgres/notify.go:58.9,69.16 3 0
github.com/adexcell/delayed-notifier/internal/adapter/postgres/notify.go:69.16,71.3 1 0
github.com/adexcell/delayed-notifier/internal/adapter/postgres/notify.go:73.2,74.15 2 0
github.com/adexcell/delayed-notifier/internal/adapter/postgres/notify.go:74.15,76.3 1 0
github.com/adexcell/delayed-notifier/internal/adapter/postgres/notify.go:77.2,77.12 1 0
github.com/adexcell/delayed-notifier/internal/adapter/postgres/notify.go:80.69,88.2 3 0
github.com/adexcell/delayed-notifier/internal/adapter/postgres/notify.go:91.129,125.16 3 0
github.com/adexcell/delayed-notifier/internal/adapter/postgres/notify.go:125.16,127.3 1 0
github.com/adexcell/delayed-notifier/internal/adapter/postgres/notify.go:128.2,131.18 3 0
github.com/adexcell/delayed-notifier/internal/adapter/postgres/notify.go:131.18,144.17 2 0
github.com/adexcell/delayed-notifier/internal/adapter/postgres/notify.go:144.17,146.4 1 0
github.com/adexcell/delayed-notifier/internal/adapter/postgres/notify.go:147.3,147.44 1 0
github.com/adexcell/delayed-notifier/internal/adapter/postgres/notify.go:149.2,149.21 1 0
github.com/adexcell/delayed-notifier/internal/adapter/postgres/notify.go:152.91,163.16 3 0
github.com/adexcell/delayed-notifier/internal/adapter/postgres/notify.go:163.16,165.3 1 0
github.com/adexcell/delayed-notifier/internal/adapter/postgres/notify.go:166.2,166.17 1 0
github.com/adexcell/delayed-notifier/internal/adapter/postgres/notify.go:166.17,168.3 1 0
github.com/adexcell/delayed-notifier/internal/adapter/postgres/notify.go:169.2,172.18 3 0
github.com/adexcell/delayed-notifier/internal/adapter/postgres/notify.go:172.18,185.17 2 0
github.com/adexcell/delayed-notifier/internal/adapter/postgres/notify.go:185.17,187.4 1 0
github.com/adexcell/delayed-notifier/internal/adapter/postgres/notify.go:188.3,188.44 1 0
github.com/adexcell/delayed-notifier/internal/adapter/postgres/notify.go:190.2,190.21 1 0
github.com/adexcell/delayed-notifier/internal/adapter/postgres/notify.go:193.34,195.2 1 0
github.com/adexcell/delayed-notifier/internal/adapter/sender/email.go:27.68,32.2 1 2
github.com/adexcell/delayed-notifier/internal/adapter/sender/email.go:34.73,37.94 2 2
github.com/adexcell/delayed-notifier/internal/adapter/sender/email.go:37.94,39.3 1 1
github.com/adexcell/delayed-notifier/internal/adapter/sender/email.go:41.2,41.39 1 1
github.com/adexcell/delayed-notifier/internal/adapter/sender/email.go:41.39,43.3 1 1
github.com/adexcell/delayed-notifier/internal/adapter/sender/email.go:45.2,56.16 4 0
github.com/adexcell/delayed-notifier/internal/adapter/sender/email.go:56.16,58.3 1 0
github.com/adexcell/delayed-notifier/internal/adapter/sender/email.go:60.2,63.66 3 0
github.com/adexcell/delayed-notifier/internal/adapter/sender/email.go:63.66,69.3 2 0
github.com/adexcell/delayed-notifier/internal/adapter/sender/email.go:71.2,74.12 2 0
github.com/adexcell/delayed-notifier/internal/adapter/sender/telegram.go:25.65,33.2 1 2
github.com/adexcell/delayed-notifier/internal/adapter/sender/telegram.go:40.76,49.16 4 0
github.com/adexcell/delayed-notifier/internal/adapter/sender/telegram.go:49.16,51.3 1 0
github.com/adexcell/delayed-notifier/internal/adapter/sender/telegram.go:53.2,57.16 4 0
github.com/adexcell/delayed-notifier/internal/adapter/sender/telegram.go:57.16,59.3 1 0
github.com/adexcell/delayed-notifier/internal/adapter/sender/telegram.go:60.2,63.16 3 0
github.com/adexcell/delayed-notifier/internal/adapter/sender/telegram.go:63.16,65.3 1 0
github.com/adexcell/delayed-notifier/internal/adapter/sender/telegram.go:66.2,68.38 2 0
github.com/adexcell/delayed-notifier/internal/adapter/sender/telegram.go:68.38,70.3 1 0
github.com/adexcell/delayed-notifier/internal/adapter/sender/telegram.go:72.2,73.12 2 0
github.com/adexcell/delayed-notifier/pkg/utils/uuid/uuid.go:9.19,11.2 1 0
github.com/adexcell/delayed-notifier/pkg/utils/uuid/uuid.go:14.28,16.2 1 0
github.com/adexcell/delayed-notifier/pkg/log/log.go:8.16,11.2 2 0
github.com/adexcell/delayed-notifier/pkg/httpserver/httpserver.go:29.61,43.2 1 0
github.com/adexcell/delayed-notifier/pkg/httpserver/httpserver.go:45.32,46.12 1 0
github.com/adexcell/delayed-notifier/pkg/httpserver/httpserver.go:46.12,50.43 3 0
github.com/adexcell/delayed-notifier/pkg/httpserver/httpserver.go:50.43,52.4 1 0
github.com/adexcell/delayed-notifier/pkg/httpserver/httpserver.go:52.9,52.24 1 0
github.com/adexcell/delayed-notifier/pkg/httpserver/httpserver.go:52.24,54.4 1 0
github.com/adexcell/delayed-notifier/pkg/httpserver/httpserver.go:55.3,55.22 1 0
github.com/adexcell/delayed-notifier/pkg/httpserver/httpserver.go:57.2,57.12 1 0
github.com/adexcell/delayed-notifier/pkg/httpserver/httpserver.go:60.32,65.47 4 0
github.com/adexcell/delayed-notifier/pkg/httpserver/httpserver.go:65.47,68.3 2 0
github.com/adexcell/delayed-notifier/pkg/httpserver/httpserver.go:69.2,70.12 2 0
github.com/adexcell/delayed-notifier/pkg/redis/redis.go:22.27,24.2 1 0
github.com/adexcell/delayed-notifier/pkg/rabbit/client.go:20.60,32.2 2 0
github.com/adexcell/delayed-notifier/pkg/router/http_v1.go:20.30,22.2 1 0
github.com/adexcell/delayed-notifier/pkg/postgres/error.go:9.35,10.63 1 0
github.com/adexcell/delayed-notifier/pkg/postgres/error.go:10.63,12.3 1 0
github.com/adexcell/delayed-notifier/pkg/postgres/error.go:13.2,13.12 1 0
github.com/adexcell/delayed-notifier/pkg/postgres/postgres.go:21.35,29.16 3 0
github.com/adexcell/delayed-notifier/pkg/postgres/postgres.go:29.16,31.3 1 0
github.com/adexcell/delayed-notifier/pkg/postgres/postgres.go:32.2,32.41 1 0
github.com/adexcell/delayed-notifier/pkg/postgres/postgres.go:32.41,34.3 1 0
github.com/adexcell/delayed-notifier/pkg/postgres/postgres.go:36.2,36.16 1 0
github.com/adexcell/delayed-notifier/internal/controller/dto.go:40.50,49.2 1 2
github.com/adexcell/delayed-notifier/internal/controller/dto.go:51.55,64.2 1 3
github.com/adexcell/delayed-notifier/internal/controller/notify.go:25.73,27.2 1 12
github.com/adexcell/delayed-notifier/internal/controller/notify.go:29.57,34.2 4 12
github.com/adexcell/delayed-notifier/internal/controller/notify.go:36.51,38.47 2 4
github.com/adexcell/delayed-notifier/internal/controller/notify.go:38.47,43.3 2 1
github.com/adexcell/delayed-notifier/internal/controller/notify.go:45.2,47.40 2 3
github.com/adexcell/delayed-notifier/internal/controller/notify.go:47.40,53.3 3 1
github.com/adexcell/delayed-notifier/internal/controller/notify.go:55.2,57.16 3 2
github.com/adexcell/delayed-notifier/internal/controller/notify.go:57.16,58.52 1 1
github.com/adexcell/delayed-notifier/internal/controller/notify.go:58.52,64.4 3 1
github.com/adexcell/delayed-notifier/internal/controller/notify.go:65.3,69.9 3 0
github.com/adexcell/delayed-notifier/internal/controller/notify.go:72.2,72.48 1 1
github.com/adexcell/delayed-notifier/internal/controller/notify.go:75.48,77.39 2 3
github.com/adexcell/delayed-notifier/internal/controller/notify.go:77.39,83.3 3 1
github.com/adexcell/delayed-notifier/internal/controller/notify.go:85.2,86.16 2 2
github.com/adexcell/delayed-notifier/internal/controller/notify.go:86.16,87.41 1 1
github.com/adexcell/delayed-notifier/internal/controller/notify.go:87.41,93.4 3 1
github.com/adexcell/delayed-notifier/internal/controller/notify.go:94.3,98.9 3 0
github.com/adexcell/delayed-notifier/internal/controller/notify.go:101.2,103.28 2 1
github.com/adexcell/delayed-notifier/internal/controller/notify.go:106.51,108.39 2 2
github.com/adexcell/delayed-notifier/internal/controller/notify.go:108.39,114.3 3 0
github.com/adexcell/delayed-notifier/internal/controller/notify.go:116.2,116.48 1 2
github.com/adexcell/delayed-notifier/internal/controller/notify.go:116.48,117.42 1 1
github.com/adexcell/delayed-notifier/internal/controller/notify.go:117.42,123.4 3 0
github.com/adexcell/delayed-notifier/internal/controller/notify.go:126.2,128.4 1 2
github.com/adexcell/delayed-notifier/internal/controller/notify.go:131.49,133.16 2 3
github.com/adexcell/delayed-notifier/internal/controller/notify.go:133.16,135.3 1 2
github.com/adexcell/delayed-notifier/internal/controller/notify.go:136.2,137.16 2 3
github.com/adexcell/delayed-notifier/internal/controller/notify.go:137.16,139.3 1 2
github.com/adexcell/delayed-notifier/internal/controller/notify.go:140.2,141.16 2 3
github.com/adexcell/delayed-notifier/internal/controller/notify.go:141.16,147.3 3 1
github.com/adexcell/delayed-notifier/internal/controller/notify.go:149.2,149.33 1 2
github.com/adexcell/delayed-notifier/internal/usecase/notify.go:24.24,31.2 1 7
github.com/adexcell/delayed-notifier/internal/usecase/notify.go:33.85,35.16 2 2
github.com/adexcell/delayed-notifier/internal/usecase/notify.go:35.16,37.3 1 1
github.com/adexcell/delayed-notifier/internal/usecase/notify.go:39.2,39.50 1 1
github.com/adexcell/delayed-notifier/internal/usecase/notify.go:39.50,41.3 1 0
github.com/adexcell/delayed-notifier/internal/usecase/notify.go:43.2,43.18 1 1
github.com/adexcell/delayed-notifier/internal/usecase/notify.go:46.89,48.16 2 3
github.com/adexcell/delayed-notifier/internal/usecase/notify.go:48.16,50.3 1 1
github.com/adexcell/delayed-notifier/internal/usecase/notify.go:52.2,53.16 2 2
github.com/adexcell/delayed-notifier/internal/usecase/notify.go:53.16,54.41 1 1
github.com/adexcell/delayed-notifier/internal/usecase/notify.go:54.41,56.4 1 1
github.com/adexcell/delayed-notifier/internal/usecase/notify.go:57.3,57.59 1 0
github.com/adexcell/delayed-notifier/internal/usecase/notify.go:60.2,60.58 1 1
github.com/adexcell/delayed-notifier/internal/usecase/notify.go:60.58,62.3 1 0
github.com/adexcell/delayed-notifier/internal/usecase/notify.go:64.2,64.15 1 1
github.com/adexcell/delayed-notifier/internal/usecase/notify.go:67.96,69.2 1 1
github.com/adexcell/delayed-notifier/internal/usecase/notify.go:71.70,73.2 1 1
github.com/adexcell/delayed-notifier/internal/usecase/scheduler.go:27.20,37.2 1 3
github.com/adexcell/delayed-notifier/internal/usecase/scheduler.go:39.46,45.6 4 0
github.com/adexcell/delayed-notifier/internal/usecase/scheduler.go:45.6,46.10 1 0
github.com/adexcell/delayed-notifier/internal/usecase/scheduler.go:47.21,49.10 2 0
github.com/adexcell/delayed-notifier/internal/usecase/scheduler.go:50.19,51.18 1 0
github.com/adexcell/delayed-notifier/internal/usecase/scheduler.go:56.50,59.16 2 3
github.com/adexcell/delayed-notifier/internal/usecase/scheduler.go:59.16,61.3 1 0
github.com/adexcell/delayed-notifier/internal/usecase/scheduler.go:63.2,63.24 1 3
github.com/adexcell/delayed-notifier/internal/usecase/scheduler.go:63.24,65.3 1 0
github.com/adexcell/delayed-notifier/internal/usecase/scheduler.go:67.2,67.29 1 3
github.com/adexcell/delayed-notifier/internal/usecase/scheduler.go:67.29,68.50 1 4
github.com/adexcell/delayed-notifier/internal/usecase/scheduler.go:68.50,74.35 4 2
github.com/adexcell/delayed-notifier/internal/usecase/scheduler.go:74.35,77.5 2 1
github.com/adexcell/delayed-notifier/internal/usecase/scheduler.go:77.10,80.5 2 1
github.com/adexcell/delayed-notifier/internal/usecase/scheduler.go:82.4,82.108 1 2
github.com/adexcell/delayed-notifier/internal/usecase/scheduler.go:82.108,84.5 1 0
github.com/adexcell/delayed-notifier/internal/worker/dto.go:22.53,35.2 1 0
github.com/adexcell/delayed-notifier/internal/worker/dto.go:37.52,50.2 1 3
github.com/adexcell/delayed-notifier/internal/worker/worker.go:31.19,40.2 1 7
github.com/adexcell/delayed-notifier/internal/worker/worker.go:42.76,44.54 2 6
github.com/adexcell/delayed-notifier/internal/worker/worker.go:44.54,47.3 2 1
github.com/adexcell/delayed-notifier/internal/worker/worker.go:49.2,50.16 2 5
github.com/adexcell/delayed-notifier/internal/worker/worker.go:50.16,52.17 2 2
github.com/adexcell/delayed-notifier/internal/worker/worker.go:52.17,53.42 1 1
github.com/adexcell/delayed-notifier/internal/worker/worker.go:53.42,56.5 2 1
github.com/adexcell/delayed-notifier/internal/worker/worker.go:57.4,58.14 2 0
github.com/adexcell/delayed-notifier/internal/worker/worker.go:61.3,61.27 1 1
github.com/adexcell/delayed-notifier/internal/worker/worker.go:61.27,64.4 2 0
github.com/adexcell/delayed-notifier/internal/worker/worker.go:67.2,67.96 1 4
github.com/adexcell/delayed-notifier/internal/worker/worker.go:67.96,72.3 2 1
github.com/adexcell/delayed-notifier/internal/worker/worker.go:74.2,79.41 2 3
github.com/adexcell/delayed-notifier/internal/worker/worker.go:79.41,86.36 4 2
github.com/adexcell/delayed-notifier/internal/worker/worker.go:86.36,90.4 3 1
github.com/adexcell/delayed-notifier/internal/worker/worker.go:92.3,94.13 2 1
github.com/adexcell/delayed-notifier/internal/worker/worker.go:97.2,97.106 1 1
github.com/adexcell/delayed-notifier/internal/worker/worker.go:97.106,100.3 2 0
github.com/adexcell/delayed-notifier/internal/worker/worker.go:102.2,103.12 2 1
github.com/adexcell/delayed-notifier/internal/worker/worker.go:106.79,108.9 2 4
github.com/adexcell/delayed-notifier/internal/worker/worker.go:108.9,110.3 1 1
github.com/adexcell/delayed-notifier/internal/worker/worker.go:111.2,111.41 1 3
